

Started GET "/" for 127.0.0.1 at 2015-08-03 11:28:53 +0530
Processing by PageController#index as HTML
  Rendered page/index.html.erb within layouts/application (1.1ms)
Completed 200 OK in 1314ms (Views: 1300.7ms | ActiveRecord: 0.0ms)


Started GET "/" for 127.0.0.1 at 2015-08-03 11:31:04 +0530

ActiveRecord::PendingMigrationError (

Migrations are pending. To resolve this issue, run:

	bin/rake db:migrate RAILS_ENV=development

):
  activerecord (4.2.3) lib/active_record/migration.rb:392:in `check_pending!'
  activerecord (4.2.3) lib/active_record/migration.rb:373:in `call'
  actionpack (4.2.3) lib/action_dispatch/middleware/callbacks.rb:29:in `block in call'
  activesupport (4.2.3) lib/active_support/callbacks.rb:84:in `run_callbacks'
  actionpack (4.2.3) lib/action_dispatch/middleware/callbacks.rb:27:in `call'
  actionpack (4.2.3) lib/action_dispatch/middleware/reloader.rb:73:in `call'
  actionpack (4.2.3) lib/action_dispatch/middleware/remote_ip.rb:78:in `call'
  actionpack (4.2.3) lib/action_dispatch/middleware/debug_exceptions.rb:17:in `call'
  web-console (2.2.1) lib/web_console/middleware.rb:39:in `call'
  actionpack (4.2.3) lib/action_dispatch/middleware/show_exceptions.rb:30:in `call'
  railties (4.2.3) lib/rails/rack/logger.rb:38:in `call_app'
  railties (4.2.3) lib/rails/rack/logger.rb:20:in `block in call'
  activesupport (4.2.3) lib/active_support/tagged_logging.rb:68:in `block in tagged'
  activesupport (4.2.3) lib/active_support/tagged_logging.rb:26:in `tagged'
  activesupport (4.2.3) lib/active_support/tagged_logging.rb:68:in `tagged'
  railties (4.2.3) lib/rails/rack/logger.rb:20:in `call'
  actionpack (4.2.3) lib/action_dispatch/middleware/request_id.rb:21:in `call'
  rack (1.6.4) lib/rack/methodoverride.rb:22:in `call'
  rack (1.6.4) lib/rack/runtime.rb:18:in `call'
  activesupport (4.2.3) lib/active_support/cache/strategy/local_cache_middleware.rb:28:in `call'
  rack (1.6.4) lib/rack/lock.rb:17:in `call'
  actionpack (4.2.3) lib/action_dispatch/middleware/static.rb:116:in `call'
  rack (1.6.4) lib/rack/sendfile.rb:113:in `call'
  railties (4.2.3) lib/rails/engine.rb:518:in `call'
  railties (4.2.3) lib/rails/application.rb:165:in `call'
  rack (1.6.4) lib/rack/lock.rb:17:in `call'
  rack (1.6.4) lib/rack/content_length.rb:15:in `call'
  rack (1.6.4) lib/rack/handler/webrick.rb:88:in `service'
  /home/qwinix/.rbenv/versions/2.2.2/lib/ruby/2.2.0/webrick/httpserver.rb:138:in `service'
  /home/qwinix/.rbenv/versions/2.2.2/lib/ruby/2.2.0/webrick/httpserver.rb:94:in `run'
  /home/qwinix/.rbenv/versions/2.2.2/lib/ruby/2.2.0/webrick/server.rb:294:in `block in start_thread'


  Rendered /home/qwinix/.rbenv/versions/2.2.2/lib/ruby/gems/2.2.0/gems/actionpack-4.2.3/lib/action_dispatch/middleware/templates/rescues/_source.erb (3.8ms)
  Rendered /home/qwinix/.rbenv/versions/2.2.2/lib/ruby/gems/2.2.0/gems/actionpack-4.2.3/lib/action_dispatch/middleware/templates/rescues/_trace.html.erb (2.6ms)
  Rendered /home/qwinix/.rbenv/versions/2.2.2/lib/ruby/gems/2.2.0/gems/actionpack-4.2.3/lib/action_dispatch/middleware/templates/rescues/_request_and_response.html.erb (1.3ms)
  Rendered /home/qwinix/.rbenv/versions/2.2.2/lib/ruby/gems/2.2.0/gems/actionpack-4.2.3/lib/action_dispatch/middleware/templates/rescues/diagnostics.html.erb within rescues/layout (26.8ms)
  Rendered /home/qwinix/.rbenv/versions/2.2.2/lib/ruby/gems/2.2.0/gems/web-console-2.2.1/lib/web_console/templates/_markup.html.erb (0.4ms)
  Rendered /home/qwinix/.rbenv/versions/2.2.2/lib/ruby/gems/2.2.0/gems/web-console-2.2.1/lib/web_console/templates/_inner_console_markup.html.erb within layouts/inlined_string (0.3ms)
  Rendered /home/qwinix/.rbenv/versions/2.2.2/lib/ruby/gems/2.2.0/gems/web-console-2.2.1/lib/web_console/templates/_prompt_box_markup.html.erb within layouts/inlined_string (0.4ms)
  Rendered /home/qwinix/.rbenv/versions/2.2.2/lib/ruby/gems/2.2.0/gems/web-console-2.2.1/lib/web_console/templates/style.css.erb within layouts/inlined_string (0.4ms)
  Rendered /home/qwinix/.rbenv/versions/2.2.2/lib/ruby/gems/2.2.0/gems/web-console-2.2.1/lib/web_console/templates/console.js.erb within layouts/javascript (23.5ms)
  Rendered /home/qwinix/.rbenv/versions/2.2.2/lib/ruby/gems/2.2.0/gems/web-console-2.2.1/lib/web_console/templates/main.js.erb within layouts/javascript (1.0ms)
  Rendered /home/qwinix/.rbenv/versions/2.2.2/lib/ruby/gems/2.2.0/gems/web-console-2.2.1/lib/web_console/templates/error_page.js.erb within layouts/javascript (0.5ms)
  Rendered /home/qwinix/.rbenv/versions/2.2.2/lib/ruby/gems/2.2.0/gems/web-console-2.2.1/lib/web_console/templates/index.html.erb (50.9ms)
  [1m[36m (157.3ms)[0m  [1mCREATE TABLE "schema_migrations" ("version" varchar NOT NULL) [0m
  [1m[35m (0.2ms)[0m  select sqlite_version(*)
  [1m[36m (132.0ms)[0m  [1mCREATE UNIQUE INDEX "unique_schema_migrations" ON "schema_migrations" ("version")[0m
  [1m[35mActiveRecord::SchemaMigration Load (0.2ms)[0m  SELECT "schema_migrations".* FROM "schema_migrations"
Migrating to CreateUsers (20150803060020)
  [1m[36m (0.1ms)[0m  [1mbegin transaction[0m
  [1m[35m (0.8ms)[0m  CREATE TABLE "users" ("id" INTEGER PRIMARY KEY AUTOINCREMENT NOT NULL, "first_name" varchar, "last_name" varchar, "email" varchar, "password_digest" varchar, "created_at" datetime NOT NULL, "updated_at" datetime NOT NULL) 
  [1m[36mSQL (0.3ms)[0m  [1mINSERT INTO "schema_migrations" ("version") VALUES (?)[0m  [["version", "20150803060020"]]
  [1m[35m (207.8ms)[0m  commit transaction
  [1m[36mActiveRecord::SchemaMigration Load (0.1ms)[0m  [1mSELECT "schema_migrations".* FROM "schema_migrations"[0m


Started GET "/" for 127.0.0.1 at 2015-08-03 11:31:36 +0530
  [1m[36mActiveRecord::SchemaMigration Load (0.2ms)[0m  [1mSELECT "schema_migrations".* FROM "schema_migrations"[0m
Processing by PageController#index as HTML
  Rendered page/index.html.erb within layouts/application (0.0ms)
Completed 200 OK in 181ms (Views: 179.8ms | ActiveRecord: 0.0ms)


Started GET "/users" for 127.0.0.1 at 2015-08-03 11:32:11 +0530
Processing by UsersController#index as HTML
  [1m[35mUser Load (0.2ms)[0m  SELECT "users".* FROM "users"
  Rendered users/index.html.erb within layouts/application (3.5ms)
Completed 200 OK in 48ms (Views: 41.4ms | ActiveRecord: 0.9ms)


Started GET "/users/new" for 127.0.0.1 at 2015-08-03 11:32:14 +0530
Processing by UsersController#new as HTML
  Rendered users/_form.html.erb (15.2ms)
  Rendered users/new.html.erb within layouts/application (16.4ms)
Completed 200 OK in 51ms (Views: 46.2ms | ActiveRecord: 0.3ms)


Started POST "/users" for 127.0.0.1 at 2015-08-03 11:32:38 +0530
Processing by UsersController#create as HTML
  Parameters: {"utf8"=>"✓", "authenticity_token"=>"N4j3/L/qYmfeZgWJRD+hgiYVdb0s+31qrFxvx58XNXkd2a37ip4NWXBs9aSKPvKITMpC8slTRKDGLuIeGpY8CQ==", "user"=>{"first_name"=>"Suchithra", "last_name"=>"Thammaiah", "email"=>"suchi@gmail.com", "password"=>"[FILTERED]", "password_confirmation"=>"[FILTERED]"}, "commit"=>"Create User"}
  [1m[36m (0.1ms)[0m  [1mbegin transaction[0m
  [1m[35mUser Exists (0.2ms)[0m  SELECT  1 AS one FROM "users" WHERE "users"."email" = 'suchi@gmail.com' LIMIT 1
  [1m[36mSQL (0.3ms)[0m  [1mINSERT INTO "users" ("first_name", "last_name", "email", "password_digest", "created_at", "updated_at") VALUES (?, ?, ?, ?, ?, ?)[0m  [["first_name", "Suchithra"], ["last_name", "Thammaiah"], ["email", "suchi@gmail.com"], ["password_digest", "$2a$10$eaMHU66frug.TjyvEcHQvuuxTgdXovimxvPxToXoTxZCZeui/uWT2"], ["created_at", "2015-08-03 06:02:38.432342"], ["updated_at", "2015-08-03 06:02:38.432342"]]
  [1m[35m (200.7ms)[0m  commit transaction
Redirected to http://localhost:3000/users/1
Completed 302 Found in 395ms (ActiveRecord: 201.3ms)


Started GET "/users/1" for 127.0.0.1 at 2015-08-03 11:32:38 +0530
Processing by UsersController#show as HTML
  Parameters: {"id"=>"1"}
  [1m[36mUser Load (0.2ms)[0m  [1mSELECT  "users".* FROM "users" WHERE "users"."id" = ? LIMIT 1[0m  [["id", 1]]
  Rendered users/show.html.erb within layouts/application (0.9ms)
Completed 200 OK in 37ms (Views: 31.5ms | ActiveRecord: 0.2ms)


Started GET "/users/1" for 127.0.0.1 at 2015-08-03 11:34:36 +0530
Processing by UsersController#show as HTML
  Parameters: {"id"=>"1"}
  [1m[35mUser Load (0.1ms)[0m  SELECT  "users".* FROM "users" WHERE "users"."id" = ? LIMIT 1  [["id", 1]]
  Rendered users/show.html.erb within layouts/application (0.4ms)
Completed 200 OK in 166ms (Views: 157.1ms | ActiveRecord: 0.6ms)


Started GET "/" for 127.0.0.1 at 2015-08-03 11:34:44 +0530
Processing by PageController#index as HTML
  Rendered page/index.html.erb within layouts/application (0.1ms)
Completed 200 OK in 44ms (Views: 43.5ms | ActiveRecord: 0.0ms)


Started GET "/" for 127.0.0.1 at 2015-08-03 11:37:55 +0530
Processing by PageController#index as HTML
  Rendered page/index.html.erb within layouts/application (0.0ms)
  [1m[36mUser Load (0.1ms)[0m  [1mSELECT  "users".* FROM "users" WHERE "users"."id" IS NULL  ORDER BY "users"."id" ASC LIMIT 1[0m
Completed 200 OK in 40ms (Views: 38.9ms | ActiveRecord: 0.7ms)


Started GET "/login" for 127.0.0.1 at 2015-08-03 11:37:58 +0530
Processing by SessionsController#new as HTML
  Rendered sessions/new.html.erb within layouts/application (1.0ms)
  [1m[35mUser Load (0.2ms)[0m  SELECT  "users".* FROM "users" WHERE "users"."id" IS NULL  ORDER BY "users"."id" ASC LIMIT 1
Completed 200 OK in 33ms (Views: 31.9ms | ActiveRecord: 0.2ms)


Started GET "/signup" for 127.0.0.1 at 2015-08-03 11:38:07 +0530
Processing by UsersController#new as HTML
  Rendered users/_form.html.erb (3.4ms)
  Rendered users/new.html.erb within layouts/application (4.2ms)
  [1m[36mUser Load (0.3ms)[0m  [1mSELECT  "users".* FROM "users" WHERE "users"."id" IS NULL  ORDER BY "users"."id" ASC LIMIT 1[0m
Completed 200 OK in 48ms (Views: 42.5ms | ActiveRecord: 0.3ms)


Started GET "/login" for 127.0.0.1 at 2015-08-03 11:38:14 +0530
Processing by SessionsController#new as HTML
  Rendered sessions/new.html.erb within layouts/application (0.8ms)
  [1m[35mUser Load (0.2ms)[0m  SELECT  "users".* FROM "users" WHERE "users"."id" IS NULL  ORDER BY "users"."id" ASC LIMIT 1
Completed 200 OK in 42ms (Views: 41.1ms | ActiveRecord: 0.2ms)


Started POST "/sessions" for 127.0.0.1 at 2015-08-03 11:38:28 +0530
Processing by SessionsController#create as HTML
  Parameters: {"utf8"=>"✓", "authenticity_token"=>"de6sJdw4+BJ7RD+OhJbMPfAxkybz/AaMZby+DICBpZRfv/Yi6UyXLNVOz6NKl583mu6kaRZUP0YPzjPVBQCs5A==", "email"=>"suchi@gmail.com", "password"=>"[FILTERED]", "commit"=>"Log In"}
  [1m[36mUser Load (0.4ms)[0m  [1mSELECT  "users".* FROM "users" WHERE "users"."email" = ? LIMIT 1[0m  [["email", "suchi@gmail.com"]]
Redirected to http://localhost:3000/
Completed 302 Found in 124ms (ActiveRecord: 0.4ms)


Started GET "/" for 127.0.0.1 at 2015-08-03 11:38:28 +0530
Processing by PageController#index as HTML
  Rendered page/index.html.erb within layouts/application (0.0ms)
  [1m[35mUser Load (0.2ms)[0m  SELECT  "users".* FROM "users" WHERE "users"."id" = ?  ORDER BY "users"."id" ASC LIMIT 1  [["id", 1]]
  [1m[36mCACHE (0.0ms)[0m  [1mSELECT  "users".* FROM "users" WHERE "users"."id" = ?  ORDER BY "users"."id" ASC LIMIT 1[0m  [["id", 1]]
Completed 200 OK in 37ms (Views: 36.6ms | ActiveRecord: 0.2ms)


Started GET "/logout" for 127.0.0.1 at 2015-08-03 11:38:36 +0530
Processing by SessionsController#destroy as HTML
Redirected to http://localhost:3000/
Completed 302 Found in 2ms (ActiveRecord: 0.0ms)


Started GET "/" for 127.0.0.1 at 2015-08-03 11:38:36 +0530
Processing by PageController#index as HTML
  Rendered page/index.html.erb within layouts/application (0.4ms)
  [1m[35mUser Load (0.2ms)[0m  SELECT  "users".* FROM "users" WHERE "users"."id" IS NULL  ORDER BY "users"."id" ASC LIMIT 1
Completed 200 OK in 39ms (Views: 37.8ms | ActiveRecord: 0.2ms)


Started GET "/" for 127.0.0.1 at 2015-08-03 12:16:43 +0530
Processing by PageController#index as HTML
  Rendered page/index.html.erb within layouts/application (0.0ms)
  [1m[36mUser Load (0.1ms)[0m  [1mSELECT  "users".* FROM "users" WHERE "users"."id" IS NULL  ORDER BY "users"."id" ASC LIMIT 1[0m
Completed 200 OK in 46ms (Views: 45.0ms | ActiveRecord: 0.7ms)


Started GET "/signup" for 127.0.0.1 at 2015-08-03 12:16:45 +0530
Processing by UsersController#new as HTML
  Rendered users/_form.html.erb (5.1ms)
  Rendered users/new.html.erb within layouts/application (6.4ms)
  [1m[35mUser Load (0.2ms)[0m  SELECT  "users".* FROM "users" WHERE "users"."id" IS NULL  ORDER BY "users"."id" ASC LIMIT 1
Completed 200 OK in 58ms (Views: 52.0ms | ActiveRecord: 0.2ms)


Started POST "/users" for 127.0.0.1 at 2015-08-03 12:36:44 +0530
Processing by UsersController#create as HTML
  Parameters: {"utf8"=>"✓", "authenticity_token"=>"G61+Fu93PTCLWS/czOl7LnZ6AMiM/PWPh3BfIPbKGegx/CQR2gNSDiVT3/EC6CgkHKU3h2lUzEXtAtL5c0sQmA==", "user"=>{"first_name"=>"sss", "last_name"=>"tt", "email"=>"aa@gmail.com", "password"=>"[FILTERED]", "password_confirmation"=>"[FILTERED]"}, "commit"=>"Create User"}
  [1m[36m (0.1ms)[0m  [1mbegin transaction[0m
  [1m[35mUser Exists (0.2ms)[0m  SELECT  1 AS one FROM "users" WHERE "users"."email" = 'aa@gmail.com' LIMIT 1
  [1m[36mSQL (0.2ms)[0m  [1mINSERT INTO "users" ("first_name", "last_name", "email", "password_digest", "created_at", "updated_at") VALUES (?, ?, ?, ?, ?, ?)[0m  [["first_name", "sss"], ["last_name", "tt"], ["email", "aa@gmail.com"], ["password_digest", "$2a$10$p/3v8x3WaBxmLciP5aI4S.dNihNOeS8oBZwWOZaqun3eQNwozMrxa"], ["created_at", "2015-08-03 07:06:44.359787"], ["updated_at", "2015-08-03 07:06:44.359787"]]
  [1m[35m (176.0ms)[0m  commit transaction
Redirected to http://localhost:3000/
Completed 302 Found in 419ms (ActiveRecord: 176.6ms)


Started GET "/" for 127.0.0.1 at 2015-08-03 12:36:44 +0530
Processing by PageController#index as HTML
  Rendered page/index.html.erb within layouts/application (0.0ms)
  [1m[36mUser Load (0.2ms)[0m  [1mSELECT  "users".* FROM "users" WHERE "users"."id" = ?  ORDER BY "users"."id" ASC LIMIT 1[0m  [["id", 2]]
  [1m[35mCACHE (0.0ms)[0m  SELECT  "users".* FROM "users" WHERE "users"."id" = ?  ORDER BY "users"."id" ASC LIMIT 1  [["id", 2]]
Completed 200 OK in 37ms (Views: 36.4ms | ActiveRecord: 0.2ms)


Started GET "/" for 127.0.0.1 at 2015-08-03 12:37:09 +0530
Processing by PageController#index as HTML
  Rendered page/index.html.erb within layouts/application (0.0ms)
  [1m[36mUser Load (0.1ms)[0m  [1mSELECT  "users".* FROM "users" WHERE "users"."id" = ?  ORDER BY "users"."id" ASC LIMIT 1[0m  [["id", 2]]
  [1m[35mCACHE (0.0ms)[0m  SELECT  "users".* FROM "users" WHERE "users"."id" = ?  ORDER BY "users"."id" ASC LIMIT 1  [["id", 2]]
Completed 200 OK in 64ms (Views: 63.5ms | ActiveRecord: 0.2ms)


Started GET "/" for 127.0.0.1 at 2015-08-03 12:39:34 +0530
Processing by PageController#index as HTML
  Rendered page/index.html.erb within layouts/application (0.7ms)
  [1m[36mUser Load (0.1ms)[0m  [1mSELECT  "users".* FROM "users" WHERE "users"."id" = ?  ORDER BY "users"."id" ASC LIMIT 1[0m  [["id", 2]]
  [1m[35mCACHE (0.0ms)[0m  SELECT  "users".* FROM "users" WHERE "users"."id" = ?  ORDER BY "users"."id" ASC LIMIT 1  [["id", 2]]
Completed 200 OK in 52ms (Views: 51.2ms | ActiveRecord: 0.1ms)


Started GET "/" for 127.0.0.1 at 2015-08-03 12:39:48 +0530
Processing by PageController#index as HTML
  Rendered page/index.html.erb within layouts/application (0.5ms)
  [1m[36mUser Load (0.1ms)[0m  [1mSELECT  "users".* FROM "users" WHERE "users"."id" = ?  ORDER BY "users"."id" ASC LIMIT 1[0m  [["id", 2]]
  [1m[35mCACHE (0.0ms)[0m  SELECT  "users".* FROM "users" WHERE "users"."id" = ?  ORDER BY "users"."id" ASC LIMIT 1  [["id", 2]]
Completed 200 OK in 40ms (Views: 39.1ms | ActiveRecord: 0.1ms)
  [1m[36mUser Load (1.7ms)[0m  [1mSELECT "users".* FROM "users"[0m
  [1m[35m (0.3ms)[0m  begin transaction
  [1m[36mUser Exists (0.2ms)[0m  [1mSELECT  1 AS one FROM "users" WHERE "users"."email" = 's@gmail.co' LIMIT 1[0m
  [1m[35mSQL (15.5ms)[0m  INSERT INTO "users" ("first_name", "last_name", "email", "password_digest", "created_at", "updated_at") VALUES (?, ?, ?, ?, ?, ?)  [["first_name", "abc"], ["last_name", "xzt"], ["email", "s@gmail.co"], ["password_digest", "ss123"], ["created_at", "2015-08-03 10:02:45.457224"], ["updated_at", "2015-08-03 10:02:45.457224"]]
  [1m[36m (164.4ms)[0m  [1mcommit transaction[0m
  [1m[35mUser Load (0.4ms)[0m  SELECT "users".* FROM "users"
  [1m[36mUser Load (0.4ms)[0m  [1mSELECT  "users".* FROM "users"  ORDER BY "users"."id" DESC LIMIT 1[0m


Started GET "/logout" for 127.0.0.1 at 2015-08-03 16:04:46 +0530
Processing by SessionsController#destroy as HTML
Redirected to http://localhost:3000/
Completed 302 Found in 1ms (ActiveRecord: 0.0ms)


Started GET "/" for 127.0.0.1 at 2015-08-03 16:04:46 +0530
Processing by PageController#index as HTML
  Rendered page/index.html.erb within layouts/application (0.4ms)
  [1m[36mUser Load (0.3ms)[0m  [1mSELECT  "users".* FROM "users" WHERE "users"."id" IS NULL  ORDER BY "users"."id" ASC LIMIT 1[0m
Completed 200 OK in 127ms (Views: 126.3ms | ActiveRecord: 0.3ms)


Started GET "/login" for 127.0.0.1 at 2015-08-03 16:04:49 +0530
Processing by SessionsController#new as HTML
  Rendered sessions/new.html.erb within layouts/application (2.1ms)
  [1m[35mUser Load (0.2ms)[0m  SELECT  "users".* FROM "users" WHERE "users"."id" IS NULL  ORDER BY "users"."id" ASC LIMIT 1
Completed 200 OK in 41ms (Views: 40.2ms | ActiveRecord: 0.2ms)


Started GET "/" for 127.0.0.1 at 2015-08-12 10:02:17 +0530
  [1m[36mActiveRecord::SchemaMigration Load (0.1ms)[0m  [1mSELECT "schema_migrations".* FROM "schema_migrations"[0m
Processing by PageController#index as HTML
  Rendered page/index.html.erb within layouts/application (1.3ms)
  [1m[35mUser Load (0.2ms)[0m  SELECT  "users".* FROM "users" WHERE "users"."id" IS NULL  ORDER BY "users"."id" ASC LIMIT 1
Completed 200 OK in 313ms (Views: 300.9ms | ActiveRecord: 0.5ms)


Started GET "/assets/page.self-e3b0c44298fc1c149afbf4c8996fb92427ae41e4649b934ca495991b7852b855.css?body=1" for 127.0.0.1 at 2015-08-12 10:02:18 +0530


Started GET "/assets/sessions.self-e3b0c44298fc1c149afbf4c8996fb92427ae41e4649b934ca495991b7852b855.css?body=1" for 127.0.0.1 at 2015-08-12 10:02:18 +0530


Started GET "/assets/users.self-e3b0c44298fc1c149afbf4c8996fb92427ae41e4649b934ca495991b7852b855.css?body=1" for 127.0.0.1 at 2015-08-12 10:02:18 +0530


Started GET "/assets/users.self-877aef30ae1b040ab8a3aba4e3e309a11d7f2612f44dde450b5c157aa5f95c05.js?body=1" for 127.0.0.1 at 2015-08-12 10:02:18 +0530


Started GET "/assets/page.self-877aef30ae1b040ab8a3aba4e3e309a11d7f2612f44dde450b5c157aa5f95c05.js?body=1" for 127.0.0.1 at 2015-08-12 10:02:18 +0530


Started GET "/assets/scaffolds.self-f0605095b287bc7a10506db5820dd78b992e855aa491998128e88558147190c6.css?body=1" for 127.0.0.1 at 2015-08-12 10:02:18 +0530


Started GET "/assets/sessions.self-877aef30ae1b040ab8a3aba4e3e309a11d7f2612f44dde450b5c157aa5f95c05.js?body=1" for 127.0.0.1 at 2015-08-12 10:02:18 +0530


Started GET "/signup" for 127.0.0.1 at 2015-08-12 10:02:26 +0530
Processing by UsersController#new as HTML
  Rendered users/_form.html.erb (29.6ms)
  Rendered users/new.html.erb within layouts/application (33.8ms)
  [1m[36mUser Load (0.2ms)[0m  [1mSELECT  "users".* FROM "users" WHERE "users"."id" IS NULL  ORDER BY "users"."id" ASC LIMIT 1[0m
Completed 200 OK in 143ms (Views: 136.1ms | ActiveRecord: 0.2ms)


Started GET "/login" for 127.0.0.1 at 2015-08-12 10:02:29 +0530
Processing by SessionsController#new as HTML
  Rendered sessions/new.html.erb within layouts/application (1.9ms)
  [1m[35mUser Load (0.2ms)[0m  SELECT  "users".* FROM "users" WHERE "users"."id" IS NULL  ORDER BY "users"."id" ASC LIMIT 1
Completed 200 OK in 100ms (Views: 98.1ms | ActiveRecord: 0.2ms)


Started GET "/signup" for 127.0.0.1 at 2015-08-12 10:02:32 +0530
Processing by UsersController#new as HTML
  Rendered users/_form.html.erb (5.4ms)
  Rendered users/new.html.erb within layouts/application (6.7ms)
  [1m[36mUser Load (0.3ms)[0m  [1mSELECT  "users".* FROM "users" WHERE "users"."id" IS NULL  ORDER BY "users"."id" ASC LIMIT 1[0m
Completed 200 OK in 53ms (Views: 51.2ms | ActiveRecord: 0.3ms)


Started GET "/login" for 127.0.0.1 at 2015-08-12 10:02:34 +0530
Processing by SessionsController#new as HTML
  Rendered sessions/new.html.erb within layouts/application (0.6ms)
  [1m[35mUser Load (0.2ms)[0m  SELECT  "users".* FROM "users" WHERE "users"."id" IS NULL  ORDER BY "users"."id" ASC LIMIT 1
Completed 200 OK in 52ms (Views: 51.1ms | ActiveRecord: 0.2ms)


Started GET "/signup" for 127.0.0.1 at 2015-08-12 10:02:36 +0530
Processing by UsersController#new as HTML
  Rendered users/_form.html.erb (2.6ms)
  Rendered users/new.html.erb within layouts/application (3.4ms)
  [1m[36mUser Load (0.2ms)[0m  [1mSELECT  "users".* FROM "users" WHERE "users"."id" IS NULL  ORDER BY "users"."id" ASC LIMIT 1[0m
Completed 200 OK in 40ms (Views: 39.7ms | ActiveRecord: 0.2ms)


Started GET "/login" for 127.0.0.1 at 2015-08-12 10:02:38 +0530
Processing by SessionsController#new as HTML
  Rendered sessions/new.html.erb within layouts/application (1.1ms)
  [1m[35mUser Load (0.2ms)[0m  SELECT  "users".* FROM "users" WHERE "users"."id" IS NULL  ORDER BY "users"."id" ASC LIMIT 1
Completed 200 OK in 59ms (Views: 58.3ms | ActiveRecord: 0.2ms)
